<?xml version="1.0" encoding="UTF-8"?>
<testng-results ignored="0" total="1" passed="1" failed="0" skipped="0">
  <reporter-output>
  </reporter-output>
  <suite started-at="2022-02-20T21:43:15 IST" name="Default suite" finished-at="2022-02-20T21:43:41 IST" duration-ms="25944">
    <groups>
    </groups>
    <test started-at="2022-02-20T21:43:15 IST" name="Default test" finished-at="2022-02-20T21:43:41 IST" duration-ms="25944">
      <class name="kdf.Application">
        <test-method signature="veirfyInvalidLogin()[pri:0, instance:kdf.Application@50b5ac82]" started-at="2022-02-20T21:43:15 IST" name="veirfyInvalidLogin" finished-at="2022-02-20T21:43:41 IST" duration-ms="25904" status="PASS">
          <reporter-output>
          </reporter-output>
        </test-method> <!-- veirfyInvalidLogin -->
      </class> <!-- kdf.Application -->
    </test> <!-- Default test -->
  </suite> <!-- Default suite -->
</testng-results>
